0 info it worked if it ends with ok
1 verbose cli [ 'C:\\Program Files\\nodejs\\\\node.exe',
1 verbose cli   'C:\\Program Files\\nodejs\\node_modules\\npm\\bin\\npm-cli.js',
1 verbose cli   'install',
1 verbose cli   'Proj4Leaflet' ]
2 info using npm@1.4.28
3 info using node@v0.10.33
4 verbose node symlink C:\Program Files\nodejs\\node.exe
5 verbose cache add [ 'Proj4Leaflet', null ]
6 verbose cache add name=undefined spec="Proj4Leaflet" args=["Proj4Leaflet",null]
7 verbose parsed url { protocol: null,
7 verbose parsed url   slashes: null,
7 verbose parsed url   auth: null,
7 verbose parsed url   host: null,
7 verbose parsed url   port: null,
7 verbose parsed url   hostname: null,
7 verbose parsed url   hash: null,
7 verbose parsed url   search: null,
7 verbose parsed url   query: null,
7 verbose parsed url   pathname: 'Proj4Leaflet',
7 verbose parsed url   path: 'Proj4Leaflet',
7 verbose parsed url   href: 'Proj4Leaflet' }
8 silly lockFile c0e26324-Proj4Leaflet Proj4Leaflet
9 verbose lock Proj4Leaflet C:\Users\Stelios\AppData\Roaming\npm-cache\c0e26324-Proj4Leaflet.lock
10 silly lockFile c0e26324-Proj4Leaflet Proj4Leaflet
11 silly lockFile c0e26324-Proj4Leaflet Proj4Leaflet
12 verbose addNamed [ 'Proj4Leaflet', '' ]
13 verbose addNamed [ null, '*' ]
14 silly lockFile 5bb674c5-Proj4Leaflet Proj4Leaflet@
15 verbose lock Proj4Leaflet@ C:\Users\Stelios\AppData\Roaming\npm-cache\5bb674c5-Proj4Leaflet.lock
16 silly addNameRange { name: 'Proj4Leaflet', range: '*', hasData: false }
17 verbose request where is /Proj4Leaflet
18 verbose request registry https://registry.npmjs.org/
19 verbose request id 15a269cf9a2bb074
20 verbose url raw /Proj4Leaflet
21 verbose url resolving [ 'https://registry.npmjs.org/', './Proj4Leaflet' ]
22 verbose url resolved https://registry.npmjs.org/Proj4Leaflet
23 verbose request where is https://registry.npmjs.org/Proj4Leaflet
24 info trying registry request attempt 1 at 16:57:04
25 http GET https://registry.npmjs.org/Proj4Leaflet
26 http 404 https://registry.npmjs.org/Proj4Leaflet
27 verbose headers { date: 'Tue, 07 Apr 2015 13:57:04 GMT',
27 verbose headers   server: 'CouchDB/1.5.0 (Erlang OTP/R16B03)',
27 verbose headers   'content-type': 'application/json',
27 verbose headers   'cache-control': 'max-age=0',
27 verbose headers   'content-length': '51',
27 verbose headers   'accept-ranges': 'bytes',
27 verbose headers   via: '1.1 varnish',
27 verbose headers   age: '0',
27 verbose headers   'x-served-by': 'cache-fra1241-FRA',
27 verbose headers   'x-cache': 'MISS',
27 verbose headers   'x-cache-hits': '0',
27 verbose headers   'x-timer': 'S1428415024.821868,VS0,VE110',
27 verbose headers   'keep-alive': 'timeout=10, max=50',
27 verbose headers   connection: 'Keep-Alive' }
28 silly registry.get cb [ 404,
28 silly registry.get   { date: 'Tue, 07 Apr 2015 13:57:04 GMT',
28 silly registry.get     server: 'CouchDB/1.5.0 (Erlang OTP/R16B03)',
28 silly registry.get     'content-type': 'application/json',
28 silly registry.get     'cache-control': 'max-age=0',
28 silly registry.get     'content-length': '51',
28 silly registry.get     'accept-ranges': 'bytes',
28 silly registry.get     via: '1.1 varnish',
28 silly registry.get     age: '0',
28 silly registry.get     'x-served-by': 'cache-fra1241-FRA',
28 silly registry.get     'x-cache': 'MISS',
28 silly registry.get     'x-cache-hits': '0',
28 silly registry.get     'x-timer': 'S1428415024.821868,VS0,VE110',
28 silly registry.get     'keep-alive': 'timeout=10, max=50',
28 silly registry.get     connection: 'Keep-Alive' } ]
29 silly lockFile 5bb674c5-Proj4Leaflet Proj4Leaflet@
30 silly lockFile 5bb674c5-Proj4Leaflet Proj4Leaflet@
31 error 404 404 Not Found: Proj4Leaflet
31 error 404
31 error 404 'Proj4Leaflet' is not in the npm registry.
31 error 404 You should bug the author to publish it
31 error 404
31 error 404 Note that you can also install from a
31 error 404 tarball, folder, or http url, or git url.
32 error System Windows_NT 6.2.9200
33 error command "C:\\Program Files\\nodejs\\\\node.exe" "C:\\Program Files\\nodejs\\node_modules\\npm\\bin\\npm-cli.js" "install" "Proj4Leaflet"
34 error cwd G:\xampp\htdocs\mappublisher
35 error node -v v0.10.33
36 error npm -v 1.4.28
37 error code E404
38 verbose exit [ 1, true ]
